<?xml version="1.0" encoding="UTF-8" standalone="no"?>
<testsuite errors="0" failures="3" name="io.cucumber.core.plugin.JUnitFormatter" skipped="0" tests="23" time="377.708">
    <testcase classname="new user should register to the website successfully" name="user enter no data" time="11.468">
        <system-out><![CDATA[When user navigate to register page choose gender "male" and enter first name "" last name "" email "" password "" confirm pass "".passed
And click REGISTER..........................................................passed
Then error message with the required fields.................................passed
]]></system-out>
    </testcase>
    <testcase classname="new user should register to the website successfully" name="user enter wrong email" time="9.697">
        <system-out><![CDATA[When user navigate to register page choose gender "male" and enter first name "m" last name "m" email "m" password "123456" confirm pass "123456".passed
And click REGISTER..........................................................passed
Then wrong email message....................................................passed
]]></system-out>
    </testcase>
    <testcase classname="new user should register to the website successfully" name="user enter password less than 6 characters" time="9.659">
        <system-out><![CDATA[When user navigate to register page choose gender "male" and enter first name "m" last name "m" email "m@m.m" password "123" confirm pass "123".passed
And click REGISTER..........................................................passed
Then error the password should be at least 6 characters.....................passed
]]></system-out>
    </testcase>
    <testcase classname="new user should register to the website successfully" name="user enter confirm password don't match the password" time="9.576">
        <system-out><![CDATA[When user navigate to register page choose gender "male" and enter first name "m" last name "m" email "m@m.m" password "123456" confirm pass "7891011".passed
And click REGISTER..........................................................passed
Then error confirm password don't match the password........................passed
]]></system-out>
    </testcase>
    <testcase classname="new user should register to the website successfully" name="user enter valid information" time="10.125">
        <system-out><![CDATA[When user navigate to register page choose gender "male" and enter first name "mahmoud" last name "ali" email "mahmoudali1@example.com" password "password" confirm pass "password".passed
And click REGISTER..........................................................passed
Then registered successfully then click on logout...........................passed
]]></system-out>
    </testcase>
    <testcase classname="new user should register to the website successfully" name="user enter already existing email" time="9.954">
        <system-out><![CDATA[When user navigate to register page choose gender "male" and enter first name "mahmoud" last name "ali" email "mahmoudali1@example.com" password "123456" confirm pass "123456".passed
And click REGISTER..........................................................passed
Then error already registered email.........................................passed
]]></system-out>
    </testcase>
    <testcase classname="user should be able to login successfully" name="user enter no data" time="7.094">
        <system-out><![CDATA[When user navigate to login page and enter email "" password "".............passed
And user click on login button..............................................passed
Then error message please enter email.......................................passed
]]></system-out>
    </testcase>
    <testcase classname="user should be able to login successfully" name="user login with invalid email and password" time="8.106">
        <system-out><![CDATA[When user navigate to login page and enter email "m@m.m" password "invalid".passed
And user click on login button..............................................passed
Then error message login was unsuccessful...................................passed
]]></system-out>
    </testcase>
    <testcase classname="user should be able to login successfully" name="user enter invalid email format" time="7.301">
        <system-out><![CDATA[When user navigate to login page and enter email "m" password ""............passed
And user click on login button..............................................passed
Then error message wrong email..............................................passed
]]></system-out>
    </testcase>
    <testcase classname="user should be able to login successfully" name="user login with valid email and password" time="6.309">
        <system-out><![CDATA[When user navigate to login page and enter email "mahmoudali1@example.com" password "password".passed
And user click on login button..............................................passed
Then user log in successfully and redirected to homepage....................passed
]]></system-out>
    </testcase>
    <testcase classname="user should be able to switch between currencies" name="unauthenticated user could switch between currencies" time="9.673">
        <system-out><![CDATA[When user select "Euro" then the featured product prices is switched to Euro.passed
And user select "US Dollar" then the featured product prices is switched US dollar.passed
]]></system-out>
    </testcase>
    <testcase classname="user should be able to switch between currencies" name="new registered user could switch between currencies" time="16.507">
        <system-out><![CDATA[And user click on register from top menu....................................passed
And enter gender "male" first name "mahmoud" last name "ali" email "mahmoudd@ali1.com" password "password" confirm pass "password".passed
And press REGISTER..........................................................passed
And user click on continue button...........................................passed
When user select "Euro" then the featured product prices is switched to Euro.passed
And user select "US Dollar" then the featured product prices is switched US dollar.passed
]]></system-out>
    </testcase>
    <testcase classname="user should be able to switch between currencies" name="authenticated user could switch between currencies" time="14.042">
        <system-out><![CDATA[And user click on login button then enter email "mahmoudd@ali1.com" password "password".passed
And press login button......................................................passed
When user select "Euro" then the featured product prices is switched to Euro.passed
And user select "US Dollar" then the featured product prices is switched US dollar.passed
]]></system-out>
    </testcase>
    <testcase classname="user should be able to search product by name or SKU" name="unauthenticated user can search products" time="25.041">
        <system-out><![CDATA[When user enter invalid product name as "bla bla"...........................passed
Then user is redirected to a page with no products..........................passed
And roll back to home.......................................................passed
When enter valid product full name as "Apple MacBook Pro 13-inch" and click enter.passed
Then user is redirected to a page contains "Apple MacBook Pro 13-inch" product.passed
And roll back to home.......................................................passed
When enter valid product partial name as "Apple" and click enter............passed
Then user is redirected to a page contains "Apple MacBook Pro 13-inch" product.passed
And roll back to home.......................................................passed
When enter SKU: "AP_MBP_13" and click enter.................................passed
Then user is redirected to a page contains "Apple MacBook Pro 13-inch" product.passed
]]></system-out>
    </testcase>
    <testcase classname="user should be able to search product by name or SKU" name="newly registered can search product" time="39.974">
        <system-out><![CDATA[When choose register from header............................................passed
And register "male" "mahmoud" "ali" "mahmoud1@aali.com" "123456" "123456"...passed
And register and continue pressed...........................................passed
When user enter invalid product name as "bla bla"...........................passed
Then user is redirected to a page with no products..........................passed
And roll back to home.......................................................passed
When enter valid product full name as "Apple MacBook Pro 13-inch" and click enter.passed
Then user is redirected to a page contains "Apple MacBook Pro 13-inch" product.passed
And roll back to home.......................................................passed
When enter valid product partial name as "Apple" and click enter............passed
Then user is redirected to a page contains "Apple MacBook Pro 13-inch" product.passed
And roll back to home.......................................................passed
When enter SKU: "AP_MBP_13" and click enter.................................passed
Then user is redirected to a page contains "Apple MacBook Pro 13-inch" product.passed
]]></system-out>
    </testcase>
    <testcase classname="user should be able to search product by name or SKU" name="authenticated can search product" time="30.872">
        <system-out><![CDATA[When choose login from header...............................................passed
And login  "mahmoud1@aali.com" "123456".....................................passed
And login pressed...........................................................passed
When user enter invalid product name as "bla bla"...........................passed
Then user is redirected to a page with no products..........................passed
When enter valid product full name as "Apple MacBook Pro 13-inch" and click enter.passed
Then user is redirected to a page contains "Apple MacBook Pro 13-inch" product.passed
When enter valid product partial name as "Apple" and click enter............passed
Then user is redirected to a page contains "Apple MacBook Pro 13-inch" product.passed
When enter SKU: "AP_MBP_13" and click enter.................................passed
Then user is redirected to a page contains "Apple MacBook Pro 13-inch" product.passed
]]></system-out>
    </testcase>
    <testcase classname="user should be able to hover different categories and select any of them" name="unauthenticated user hover all categories then select computers" time="35.08">
        <system-out><![CDATA[Then user hover all categories..............................................passed
And click on all menu items.................................................passed
]]></system-out>
    </testcase>
    <testcase classname="user should be able to hover different categories and select any of them" name="newly registered user hover all categories then select computers" time="3.25">
        <failure message="Step [^fill registration form with &quot;(.*)&quot; &quot;(.*)&quot; &quot;(.*)&quot; &quot;(.*)&quot; &quot;(.*)&quot;$] is defined with 6 parameters at 'stepDefinitions.D05_hoverCategoriesStepDef.register(java.lang.String,java.lang.String,java.lang.String,java.lang.String,java.lang.String,java.lang.String)'.&#10;However, the gherkin step has 5 arguments:&#10; * mahmoud&#10; * ali&#10; * mahmoud@al1.com&#10; * 123456&#10; * 123456&#10;Step text: fill registration form with &quot;mahmoud&quot; &quot;ali&quot; &quot;mahmoud@al1.com&quot; &quot;123456&quot; &quot;123456&quot;" type="io.cucumber.core.exception.CucumberException"><![CDATA[When user click on register button from header menu.........................passed
And fill registration form with "mahmoud" "ali" "mahmoud@al1.com" "123456" "123456".failed
And click REGISTER then click continue......................................skipped
Then user hover all categories..............................................skipped
And click on all menu items.................................................skipped

StackTrace:
io.cucumber.core.exception.CucumberException: Step [^fill registration form with "(.*)" "(.*)" "(.*)" "(.*)" "(.*)"$] is defined with 6 parameters at 'stepDefinitions.D05_hoverCategoriesStepDef.register(java.lang.String,java.lang.String,java.lang.String,java.lang.String,java.lang.String,java.lang.String)'.
However, the gherkin step has 5 arguments:
 * mahmoud
 * ali
 * mahmoud@al1.com
 * 123456
 * 123456
Step text: fill registration form with "mahmoud" "ali" "mahmoud@al1.com" "123456" "123456"
	at io.cucumber.core.runner.PickleStepDefinitionMatch.arityMismatch(PickleStepDefinitionMatch.java:83)
	at io.cucumber.core.runner.PickleStepDefinitionMatch.runStep(PickleStepDefinitionMatch.java:42)
	at io.cucumber.core.runner.ExecutionMode$1.execute(ExecutionMode.java:10)
	at io.cucumber.core.runner.TestStep.executeStep(TestStep.java:85)
	at io.cucumber.core.runner.TestStep.run(TestStep.java:57)
	at io.cucumber.core.runner.PickleStepTestStep.run(PickleStepTestStep.java:51)
	at io.cucumber.core.runner.TestCase.run(TestCase.java:84)
	at io.cucumber.core.runner.Runner.runPickle(Runner.java:75)
	at io.cucumber.testng.TestNGCucumberRunner.lambda$runScenario$1(TestNGCucumberRunner.java:132)
	at io.cucumber.core.runtime.CucumberExecutionContext.lambda$runTestCase$5(CucumberExecutionContext.java:129)
	at io.cucumber.core.runtime.RethrowingThrowableCollector.executeAndThrow(RethrowingThrowableCollector.java:23)
	at io.cucumber.core.runtime.CucumberExecutionContext.runTestCase(CucumberExecutionContext.java:129)
	at io.cucumber.testng.TestNGCucumberRunner.runScenario(TestNGCucumberRunner.java:129)
	at io.cucumber.testng.AbstractTestNGCucumberTests.runScenario(AbstractTestNGCucumberTests.java:35)
	at java.base/jdk.internal.reflect.DirectMethodHandleAccessor.invoke(DirectMethodHandleAccessor.java:104)
	at java.base/java.lang.reflect.Method.invoke(Method.java:577)
	at org.testng.internal.invokers.MethodInvocationHelper.invokeMethod(MethodInvocationHelper.java:135)
	at org.testng.internal.invokers.TestInvoker.invokeMethod(TestInvoker.java:673)
	at org.testng.internal.invokers.TestInvoker.invokeTestMethod(TestInvoker.java:220)
	at org.testng.internal.invokers.MethodRunner.runInSequence(MethodRunner.java:50)
	at org.testng.internal.invokers.TestInvoker$MethodInvocationAgent.invoke(TestInvoker.java:945)
	at org.testng.internal.invokers.TestInvoker.invokeTestMethods(TestInvoker.java:193)
	at org.testng.internal.invokers.TestMethodWorker.invokeTestMethods(TestMethodWorker.java:146)
	at org.testng.internal.invokers.TestMethodWorker.run(TestMethodWorker.java:128)
	at java.base/java.util.ArrayList.forEach(ArrayList.java:1511)
	at org.testng.TestRunner.privateRun(TestRunner.java:808)
	at org.testng.TestRunner.run(TestRunner.java:603)
	at org.testng.SuiteRunner.runTest(SuiteRunner.java:429)
	at org.testng.SuiteRunner.runSequentially(SuiteRunner.java:423)
	at org.testng.SuiteRunner.privateRun(SuiteRunner.java:383)
	at org.testng.SuiteRunner.run(SuiteRunner.java:326)
	at org.testng.SuiteRunnerWorker.runSuite(SuiteRunnerWorker.java:52)
	at org.testng.SuiteRunnerWorker.run(SuiteRunnerWorker.java:95)
	at org.testng.TestNG.runSuitesSequentially(TestNG.java:1249)
	at org.testng.TestNG.runSuitesLocally(TestNG.java:1169)
	at org.testng.TestNG.runSuites(TestNG.java:1092)
	at org.testng.TestNG.run(TestNG.java:1060)
	at com.intellij.rt.testng.IDEARemoteTestNG.run(IDEARemoteTestNG.java:66)
	at com.intellij.rt.testng.RemoteTestNGStarter.main(RemoteTestNGStarter.java:109)
]]></failure>
    </testcase>
    <testcase classname="user should be able to hover different categories and select any of them" name="authenticated user hover all categories then select computers" time="41.742">
        <system-out><![CDATA[When user click on login button from header menu............................passed
And fill login form with "mahmoud@al1.com" "123456".........................passed
And click Login.............................................................passed
Then user hover all categories..............................................passed
And click on all menu items.................................................passed
]]></system-out>
    </testcase>
    <testcase classname="user should be able to switch between sliders" name="user switch between sliders and click" time="3.236">
        <failure message="expected [true] but found [false]" type="java.lang.AssertionError"><![CDATA[When user click slider control "1"..........................................passed
Then user is switched to slider image "https://demo.nopcommerce.com/images/thumbs/0000079_banner_1.jpg".passed
When user click slider control "2"..........................................passed
Then user is switched to slider image "https://demo.nopcommerce.com/images/thumbs/0000080_banner_2.jpg".failed

StackTrace:
java.lang.AssertionError: expected [true] but found [false]
	at org.testng.Assert.fail(Assert.java:110)
	at org.testng.Assert.failNotEquals(Assert.java:1413)
	at org.testng.Assert.assertEqualsImpl(Assert.java:149)
	at org.testng.Assert.assertEquals(Assert.java:131)
	at org.testng.Assert.assertEquals(Assert.java:976)
	at org.testng.Assert.assertEquals(Assert.java:1010)
	at stepDefinitions.D06_homeSlidersStepDef.switchSlider(D06_homeSlidersStepDef.java:30)
	at ✽.user is switched to slider image "https://demo.nopcommerce.com/images/thumbs/0000080_banner_2.jpg"(file:///F:/work%20space/FWD/demonopcommerce/src/main/resources/features/F06_homeSliders.feature:9)
]]></failure>
    </testcase>
    <testcase classname="user should click any icon to follow us and redirect fine to the selected platform" name="user click on all follow us icons" time="10.408">
        <failure message="no such element: Unable to locate element: {&quot;method&quot;:&quot;css selector&quot;,&quot;selector&quot;:&quot;li[class=&quot;rss&quot;] &gt; a[href=&quot;/news/rss/1&quot;]&quot;}&#10;  (Session info: chrome=102.0.5005.115)&#10;For documentation on this error, please visit: https://selenium.dev/exceptions/#no_such_element&#10;Build info: version: '4.1.4', revision: '535d840ee2'&#10;System info: host: 'DESKTOP-7HHI4H6', ip: '192.168.37.1', os.name: 'Windows 10', os.arch: 'amd64', os.version: '10.0', java.version: '18'&#10;Driver info: org.openqa.selenium.chrome.ChromeDriver&#10;Command: [9e64ae1825491a6664a667deca482f18, findElement {using=css selector, value=li[class=&quot;rss&quot;] &gt; a[href=&quot;/news/rss/1&quot;]}]&#10;Capabilities {acceptInsecureCerts: false, browserName: chrome, browserVersion: 102.0.5005.115, chrome: {chromedriverVersion: 101.0.4951.41 (93c720db8323..., userDataDir: C:\Users\mahmo\AppData\Loca...}, goog:chromeOptions: {debuggerAddress: localhost:3911}, javascriptEnabled: true, networkConnectionEnabled: false, pageLoadStrategy: normal, platform: WINDOWS, platformName: WINDOWS, proxy: Proxy(), se:cdp: ws://localhost:3911/devtool..., se:cdpVersion: 102.0.5005.115, setWindowRect: true, strictFileInteractability: false, timeouts: {implicit: 0, pageLoad: 300000, script: 30000}, unhandledPromptBehavior: dismiss and notify, webauthn:extension:credBlob: true, webauthn:extension:largeBlob: true, webauthn:virtualAuthenticators: true}&#10;Session ID: 9e64ae1825491a6664a667deca482f18" type="org.openqa.selenium.NoSuchElementException"><![CDATA[When user click rss icon from the footer....................................passed
Then user is redirected to rss..............................................failed
And redirect back to home page..............................................skipped
When user click facebook icon from the footer...............................skipped
Then user is redirected to facebook.........................................skipped
And close tab...............................................................skipped
When user click twitter icon from the footer................................skipped
Then user is redirected to twitter..........................................skipped
And close tab...............................................................skipped
When user click youtube icon from the footer................................skipped
Then user is redirected to youtube..........................................skipped

StackTrace:
org.openqa.selenium.NoSuchElementException: no such element: Unable to locate element: {"method":"css selector","selector":"li[class="rss"] > a[href="/news/rss/1"]"}
  (Session info: chrome=102.0.5005.115)
For documentation on this error, please visit: https://selenium.dev/exceptions/#no_such_element
Build info: version: '4.1.4', revision: '535d840ee2'
System info: host: 'DESKTOP-7HHI4H6', ip: '192.168.37.1', os.name: 'Windows 10', os.arch: 'amd64', os.version: '10.0', java.version: '18'
Driver info: org.openqa.selenium.chrome.ChromeDriver
Command: [9e64ae1825491a6664a667deca482f18, findElement {using=css selector, value=li[class="rss"] > a[href="/news/rss/1"]}]
Capabilities {acceptInsecureCerts: false, browserName: chrome, browserVersion: 102.0.5005.115, chrome: {chromedriverVersion: 101.0.4951.41 (93c720db8323..., userDataDir: C:\Users\mahmo\AppData\Loca...}, goog:chromeOptions: {debuggerAddress: localhost:3911}, javascriptEnabled: true, networkConnectionEnabled: false, pageLoadStrategy: normal, platform: WINDOWS, platformName: WINDOWS, proxy: Proxy(), se:cdp: ws://localhost:3911/devtool..., se:cdpVersion: 102.0.5005.115, setWindowRect: true, strictFileInteractability: false, timeouts: {implicit: 0, pageLoad: 300000, script: 30000}, unhandledPromptBehavior: dismiss and notify, webauthn:extension:credBlob: true, webauthn:extension:largeBlob: true, webauthn:virtualAuthenticators: true}
Session ID: 9e64ae1825491a6664a667deca482f18
	at java.base/jdk.internal.reflect.DirectConstructorHandleAccessor.newInstance(DirectConstructorHandleAccessor.java:67)
	at java.base/java.lang.reflect.Constructor.newInstanceWithCaller(Constructor.java:499)
	at java.base/java.lang.reflect.Constructor.newInstance(Constructor.java:483)
	at org.openqa.selenium.remote.codec.w3c.W3CHttpResponseCodec.createException(W3CHttpResponseCodec.java:200)
	at org.openqa.selenium.remote.codec.w3c.W3CHttpResponseCodec.decode(W3CHttpResponseCodec.java:133)
	at org.openqa.selenium.remote.codec.w3c.W3CHttpResponseCodec.decode(W3CHttpResponseCodec.java:53)
	at org.openqa.selenium.remote.HttpCommandExecutor.execute(HttpCommandExecutor.java:184)
	at org.openqa.selenium.remote.service.DriverCommandExecutor.invokeExecute(DriverCommandExecutor.java:167)
	at org.openqa.selenium.remote.service.DriverCommandExecutor.execute(DriverCommandExecutor.java:142)
	at org.openqa.selenium.remote.RemoteWebDriver.execute(RemoteWebDriver.java:567)
	at org.openqa.selenium.remote.ElementLocation$ElementFinder$2.findElement(ElementLocation.java:162)
	at org.openqa.selenium.remote.ElementLocation.findElement(ElementLocation.java:60)
	at org.openqa.selenium.remote.RemoteWebDriver.findElement(RemoteWebDriver.java:385)
	at org.openqa.selenium.remote.RemoteWebDriver.findElement(RemoteWebDriver.java:377)
	at pages.P03_homePage.rssPom(P03_homePage.java:56)
	at stepDefinitions.D07_followUsStepDef.rssRedirect(D07_followUsStepDef.java:80)
	at ✽.user is redirected to rss(file:///F:/work%20space/FWD/demonopcommerce/src/main/resources/features/F07_followUs.feature:5)
]]></failure>
    </testcase>
    <testcase classname="user can add product to wishlist successfully" name="user add product to wishlist from featured products and product categories" time="29.623">
        <system-out><![CDATA[When user scroll down to featured products and click "Build your own computer" product.passed
And user click on add to wishlist button from featured product details page.passed
Then go back to home page...................................................passed
When user click on digital downloads from product category top menu.........passed
And click on "If You Wait (donation)" product...............................passed
And user click on add to wishlist button from category product details page.passed
Then go back to home page...................................................passed
And user select wishlist....................................................passed
And check "Build your own computer" and "If You Wait (donation)"  products are added to wish list.passed
]]></system-out>
    </testcase>
    <testcase classname="user can add product to cart successfully" name="user add product to cart from featured products and product categories" time="28.361">
        <system-out><![CDATA[When user scroll to featured products and click "Build your own computer" product.passed
And user click on add to cart button from featured product details page.....passed
Then navigate to home page..................................................passed
When user click on digital downloads from product category menu.............passed
And click "If You Wait (donation)" product..................................passed
And user click on add to cart button from category product details page.....passed
Then navigate to home page..................................................passed
And user select shopping cart...............................................passed
And check "Build your own computer" and "If You Wait (donation)"  products are added.passed
]]></system-out>
    </testcase>
</testsuite>
